# JRE version: OpenJDK Runtime Environment (8.0_242-b01) (build 1.8.0_242-release-1644-b01)
# Java VM: OpenJDK 64-Bit Server VM (25.242-b01 mixed mode windows-amd64 compressed oops)
Heap:
 PSYoungGen      total 313856K, used 178589K [0x00000000d5580000, 0x00000000f2b00000, 0x0000000100000000)
  eden space 253952K, 46% used [0x00000000d5580000,0x00000000dc96c2a8,0x00000000e4d80000)
  from space 59904K, 99% used [0x00000000e4d80000,0x00000000e87fb4f8,0x00000000e8800000)
  to   space 85504K, 0% used [0x00000000ed780000,0x00000000ed780000,0x00000000f2b00000)
 ParOldGen       total 252416K, used 143782K [0x0000000080000000, 0x000000008f680000, 0x00000000d5580000)
  object space 252416K, 56% used [0x0000000080000000,0x0000000088c69978,0x000000008f680000)
 Metaspace       used 89323K, capacity 96126K, committed 96152K, reserved 1132544K
  class space    used 12421K, capacity 13734K, committed 13744K, reserved 1048576K
GC Heap History (10 events):
Event: 15.615 GC heap before
{Heap before GC invocations=16 (full 3):
 PSYoungGen      total 210432K, used 210408K [0x00000000d5580000, 0x00000000e4280000, 0x0000000100000000)
  eden space 188416K, 100% used [0x00000000d5580000,0x00000000e0d80000,0x00000000e0d80000)
  from space 22016K, 99% used [0x00000000e2600000,0x00000000e3b7a0d0,0x00000000e3b80000)
  to   space 25088K, 0% used [0x00000000e0d80000,0x00000000e0d80000,0x00000000e2600000)
 ParOldGen       total 252416K, used 34361K [0x0000000080000000, 0x000000008f680000, 0x00000000d5580000)
  object space 252416K, 13% used [0x0000000080000000,0x000000008218e7d0,0x000000008f680000)
 Metaspace       used 73382K, capacity 77492K, committed 77592K, reserved 1116160K
  class space    used 9993K, capacity 10757K, committed 10800K, reserved 1048576K
Event: 15.628 GC heap after
Heap after GC invocations=16 (full 3):
 PSYoungGen      total 213504K, used 25066K [0x00000000d5580000, 0x00000000e6900000, 0x0000000100000000)
  eden space 188416K, 0% used [0x00000000d5580000,0x00000000d5580000,0x00000000e0d80000)
  from space 25088K, 99% used [0x00000000e0d80000,0x00000000e25faa18,0x00000000e2600000)
  to   space 30208K, 0% used [0x00000000e4b80000,0x00000000e4b80000,0x00000000e6900000)
 ParOldGen       total 252416K, used 39933K [0x0000000080000000, 0x000000008f680000, 0x00000000d5580000)
  object space 252416K, 15% used [0x0000000080000000,0x00000000826ff508,0x000000008f680000)
 Metaspace       used 73382K, capacity 77492K, committed 77592K, reserved 1116160K
  class space    used 9993K, capacity 10757K, committed 10800K, reserved 1048576K
}
Event: 27.025 GC heap before
{Heap before GC invocations=17 (full 3):
 PSYoungGen      total 213504K, used 213482K [0x00000000d5580000, 0x00000000e6900000, 0x0000000100000000)
  eden space 188416K, 100% used [0x00000000d5580000,0x00000000e0d80000,0x00000000e0d80000)
  from space 25088K, 99% used [0x00000000e0d80000,0x00000000e25faa18,0x00000000e2600000)
  to   space 30208K, 0% used [0x00000000e4b80000,0x00000000e4b80000,0x00000000e6900000)
 ParOldGen       total 252416K, used 39933K [0x0000000080000000, 0x000000008f680000, 0x00000000d5580000)
  object space 252416K, 15% used [0x0000000080000000,0x00000000826ff508,0x000000008f680000)
 Metaspace       used 78051K, capacity 82406K, committed 82712K, reserved 1120256K
  class space    used 10658K, capacity 11500K, committed 11568K, reserved 1048576K
Event: 27.052 GC heap after
Heap after GC invocations=17 (full 3):
 PSYoungGen      total 241152K, used 30201K [0x00000000d5580000, 0x00000000e7980000, 0x0000000100000000)
  eden space 210944K, 0% used [0x00000000d5580000,0x00000000d5580000,0x00000000e2380000)
  from space 30208K, 99% used [0x00000000e4b80000,0x00000000e68fe5d0,0x00000000e6900000)
  to   space 40960K, 0% used [0x00000000e2380000,0x00000000e2380000,0x00000000e4b80000)
 ParOldGen       total 252416K, used 57262K [0x0000000080000000, 0x000000008f680000, 0x00000000d5580000)
  object space 252416K, 22% used [0x0000000080000000,0x00000000837ebbf0,0x000000008f680000)
 Metaspace       used 78051K, capacity 82406K, committed 82712K, reserved 1120256K
  class space    used 10658K, capacity 11500K, committed 11568K, reserved 1048576K
}
Event: 28.062 GC heap before
{Heap before GC invocations=18 (full 3):
 PSYoungGen      total 241152K, used 241145K [0x00000000d5580000, 0x00000000e7980000, 0x0000000100000000)
  eden space 210944K, 100% used [0x00000000d5580000,0x00000000e2380000,0x00000000e2380000)
  from space 30208K, 99% used [0x00000000e4b80000,0x00000000e68fe5d0,0x00000000e6900000)
  to   space 40960K, 0% used [0x00000000e2380000,0x00000000e2380000,0x00000000e4b80000)
 ParOldGen       total 252416K, used 57262K [0x0000000080000000, 0x000000008f680000, 0x00000000d5580000)
  object space 252416K, 22% used [0x0000000080000000,0x00000000837ebbf0,0x000000008f680000)
 Metaspace       used 86802K, capacity 93020K, committed 93080K, reserved 1128448K
  class space    used 12198K, capacity 13453K, committed 13488K, reserved 1048576K
Event: 28.092 GC heap after
Heap after GC invocations=18 (full 3):
 PSYoungGen      total 251904K, used 40947K [0x00000000d5580000, 0x00000000ec080000, 0x0000000100000000)
  eden space 210944K, 0% used [0x00000000d5580000,0x00000000d5580000,0x00000000e2380000)
  from space 40960K, 99% used [0x00000000e2380000,0x00000000e4b7cca0,0x00000000e4b80000)
  to   space 57856K, 0% used [0x00000000e8800000,0x00000000e8800000,0x00000000ec080000)
 ParOldGen       total 252416K, used 86739K [0x0000000080000000, 0x000000008f680000, 0x00000000d5580000)
  object space 252416K, 34% used [0x0000000080000000,0x00000000854b4eb8,0x000000008f680000)
 Metaspace       used 86802K, capacity 93020K, committed 93080K, reserved 1128448K
  class space    used 12198K, capacity 13453K, committed 13488K, reserved 1048576K
}
Event: 28.761 GC heap before
{Heap before GC invocations=19 (full 3):
 PSYoungGen      total 251904K, used 251891K [0x00000000d5580000, 0x00000000ec080000, 0x0000000100000000)
  eden space 210944K, 100% used [0x00000000d5580000,0x00000000e2380000,0x00000000e2380000)
  from space 40960K, 99% used [0x00000000e2380000,0x00000000e4b7cca0,0x00000000e4b80000)
  to   space 57856K, 0% used [0x00000000e8800000,0x00000000e8800000,0x00000000ec080000)
 ParOldGen       total 252416K, used 86739K [0x0000000080000000, 0x000000008f680000, 0x00000000d5580000)
  object space 252416K, 34% used [0x0000000080000000,0x00000000854b4eb8,0x000000008f680000)
 Metaspace       used 88247K, capacity 94914K, committed 95128K, reserved 1130496K
  class space    used 12351K, capacity 13652K, committed 13744K, reserved 1048576K
Event: 28.788 GC heap after
Heap after GC invocations=19 (full 3):
 PSYoungGen      total 311808K, used 38583K [0x00000000d5580000, 0x00000000ed000000, 0x0000000100000000)
  eden space 253952K, 0% used [0x00000000d5580000,0x00000000d5580000,0x00000000e4d80000)
  from space 57856K, 66% used [0x00000000e8800000,0x00000000eadadda0,0x00000000ec080000)
  to   space 59904K, 0% used [0x00000000e4d80000,0x00000000e4d80000,0x00000000e8800000)
 ParOldGen       total 252416K, used 100784K [0x0000000080000000, 0x000000008f680000, 0x00000000d5580000)
  object space 252416K, 39% used [0x0000000080000000,0x000000008626c310,0x000000008f680000)
 Metaspace       used 88247K, capacity 94914K, committed 95128K, reserved 1130496K
  class space    used 12351K, capacity 13652K, committed 13744K, reserved 1048576K
}
Event: 29.491 GC heap before
{Heap before GC invocations=20 (full 3):
 PSYoungGen      total 311808K, used 292535K [0x00000000d5580000, 0x00000000ed000000, 0x0000000100000000)
  eden space 253952K, 100% used [0x00000000d5580000,0x00000000e4d80000,0x00000000e4d80000)
  from space 57856K, 66% used [0x00000000e8800000,0x00000000eadadda0,0x00000000ec080000)
  to   space 59904K, 0% used [0x00000000e4d80000,0x00000000e4d80000,0x00000000e8800000)
 ParOldGen       total 252416K, used 100784K [0x0000000080000000, 0x000000008f680000, 0x00000000d5580000)
  object space 252416K, 39% used [0x0000000080000000,0x000000008626c310,0x000000008f680000)
 Metaspace       used 89203K, capacity 96050K, committed 96152K, reserved 1132544K
  class space    used 12420K, capacity 13734K, committed 13744K, reserved 1048576K
Event: 29.535 GC heap after
Heap after GC invocations=20 (full 3):
 PSYoungGen      total 313856K, used 59885K [0x00000000d5580000, 0x00000000f2b00000, 0x0000000100000000)
  eden space 253952K, 0% used [0x00000000d5580000,0x00000000d5580000,0x00000000e4d80000)
  from space 59904K, 99% used [0x00000000e4d80000,0x00000000e87fb4f8,0x00000000e8800000)
  to   space 85504K, 0% used [0x00000000ed780000,0x00000000ed780000,0x00000000f2b00000)
 ParOldGen       total 252416K, used 143782K [0x0000000080000000, 0x000000008f680000, 0x00000000d5580000)
  object space 252416K, 56% used [0x0000000080000000,0x0000000088c69978,0x000000008f680000)
 Metaspace       used 89203K, capacity 96050K, committed 96152K, reserved 1132544K
  class space    used 12420K, capacity 13734K, committed 13744K, reserved 1048576K
}

